<?xml version="1.0" encoding="UTF-8"?>
<!-- Generated by org.testng.reporters.JUnitXMLReporter -->
<testsuite ignored="0" hostname="DESKTOP-JF0QPK0" failures="0" tests="8" name="Default test" time="14.226" errors="0" timestamp="2023-07-22T00:11:12 IST">
  <testcase classname="nykaa.Sign_inTest" name="verify_Signin_Button" time="0.592"/>
  <testcase classname="nykaa.Sign_inTest" name="verify_Login_Create_Account_Text" time="0.1"/>
  <testcase classname="nykaa.Sign_inTest" name="verify_Register_Now_Text" time="0.074"/>
  <testcase classname="nykaa.Sign_inTest" name="verify_Google_Button" time="0.084"/>
  <testcase classname="nykaa.Sign_inTest" name="verify_Signin_with_google_email_Button" time="0.148"/>
  <testcase classname="nykaa.Sign_inTest" name="verify_Common_Header" time="5.582"/>
  <testcase classname="nykaa.Sign_inTest" name="verify_mobile_Number_Input_Field" time="1.324"/>
  <testcase classname="nykaa.Sign_inTest" name="verify_Proceed_Button" time="0.23"/>
</testsuite> <!-- Default test -->
