<?xml version="1.0" encoding="UTF-8"?>
<!-- Generated by org.testng.reporters.JUnitXMLReporter -->
<testsuite ignored="0" hostname="DESKTOP-JF0QPK0" failures="0" tests="8" name="Sign in" time="15.169" errors="0" timestamp="2023-07-24T16:16:00 IST">
  <testcase classname="nykaa.Sign_inTest" name="verify_Signin_Button" time="0.365"/>
  <testcase classname="nykaa.Sign_inTest" name="verify_Login_Create_Account_Text" time="0.307"/>
  <testcase classname="nykaa.Sign_inTest" name="verify_Register_Now_Text" time="0.108"/>
  <testcase classname="nykaa.Sign_inTest" name="verify_Google_Button" time="1.042"/>
  <testcase classname="nykaa.Sign_inTest" name="verify_Signin_with_google_email_Button" time="0.311"/>
  <testcase classname="nykaa.Sign_inTest" name="verify_Common_Header" time="5.413"/>
  <testcase classname="nykaa.Sign_inTest" name="verify_mobile_Number_Input_Field" time="1.06"/>
  <testcase classname="nykaa.Sign_inTest" name="verify_Proceed_Button" time="0.242"/>
</testsuite> <!-- Sign in -->
