<?xml version="1.0" encoding="UTF-8"?>
<!-- Generated by org.testng.reporters.JUnitXMLReporter -->
<testsuite ignored="0" hostname="DESKTOP-JF0QPK0" failures="0" tests="8" name="Command line test" time="18.734" errors="0" timestamp="2023-07-24T16:22:12 IST">
  <testcase classname="nykaa.Sign_inTest" name="verify_Signin_Button" time="0.787"/>
  <testcase classname="nykaa.Sign_inTest" name="verify_Login_Create_Account_Text" time="0.16"/>
  <testcase classname="nykaa.Sign_inTest" name="verify_Register_Now_Text" time="0.121"/>
  <testcase classname="nykaa.Sign_inTest" name="verify_Google_Button" time="0.225"/>
  <testcase classname="nykaa.Sign_inTest" name="verify_Signin_with_google_email_Button" time="1.069"/>
  <testcase classname="nykaa.Sign_inTest" name="verify_Common_Header" time="8.303"/>
  <testcase classname="nykaa.Sign_inTest" name="verify_mobile_Number_Input_Field" time="1.217"/>
  <testcase classname="nykaa.Sign_inTest" name="verify_Proceed_Button" time="0.226"/>
</testsuite> <!-- Command line test -->
