<?xml version="1.0" encoding="UTF-8" ?>
<testsuite tests="8" failures="0" name="nykaa.Sign_inTest" time="12.123" errors="0" skipped="0">
  <properties>
[...]
</properties>
  <testcase classname="nykaa.Sign_inTest" name="verify_Signin_Button" time="0.797"/>
  <testcase classname="nykaa.Sign_inTest" name="verify_Login_Create_Account_Text" time="0.161"/>
  <testcase classname="nykaa.Sign_inTest" name="verify_Register_Now_Text" time="0.122"/>
  <testcase classname="nykaa.Sign_inTest" name="verify_Google_Button" time="0.226"/>
  <testcase classname="nykaa.Sign_inTest" name="verify_Signin_with_google_email_Button" time="1.069"/>
  <testcase classname="nykaa.Sign_inTest" name="verify_Common_Header" time="8.304"/>
  <testcase classname="nykaa.Sign_inTest" name="verify_mobile_Number_Input_Field" time="1.217"/>
  <testcase classname="nykaa.Sign_inTest" name="verify_Proceed_Button" time="0.227"/>
</testsuite>