<?xml version="1.0" encoding="UTF-8"?>
<testng-results ignored="0" total="8" passed="8" failed="0" skipped="0">
  <reporter-output>
  </reporter-output>
  <suite started-at="2023-07-24T16:21:53 IST" name="nykaa.Sign_inTest" finished-at="2023-07-24T16:22:12 IST" duration-ms="18734">
    <groups>
    </groups>
    <test started-at="2023-07-24T16:21:53 IST" name="Command line test" finished-at="2023-07-24T16:22:12 IST" duration-ms="18734">
      <class name="nykaa.Sign_inTest">
        <test-method is-config="true" signature="launchApplication()[pri:0, instance:nykaa.Sign_inTest@77f80c04]" started-at="2023-07-24T16:21:53 IST" name="launchApplication" finished-at="2023-07-24T16:22:00 IST" duration-ms="6522" status="PASS">
          <reporter-output>
          </reporter-output>
        </test-method> <!-- launchApplication -->
        <test-method signature="verify_Signin_Button()[pri:1, instance:nykaa.Sign_inTest@77f80c04]" started-at="2023-07-24T16:22:00 IST" name="verify_Signin_Button" finished-at="2023-07-24T16:22:01 IST" duration-ms="787" status="PASS">
          <reporter-output>
          </reporter-output>
        </test-method> <!-- verify_Signin_Button -->
        <test-method signature="verify_Login_Create_Account_Text()[pri:2, instance:nykaa.Sign_inTest@77f80c04]" started-at="2023-07-24T16:22:01 IST" name="verify_Login_Create_Account_Text" finished-at="2023-07-24T16:22:01 IST" duration-ms="160" status="PASS">
          <reporter-output>
          </reporter-output>
        </test-method> <!-- verify_Login_Create_Account_Text -->
        <test-method signature="verify_Register_Now_Text()[pri:3, instance:nykaa.Sign_inTest@77f80c04]" started-at="2023-07-24T16:22:01 IST" name="verify_Register_Now_Text" finished-at="2023-07-24T16:22:01 IST" duration-ms="121" status="PASS">
          <reporter-output>
          </reporter-output>
        </test-method> <!-- verify_Register_Now_Text -->
        <test-method signature="verify_Google_Button()[pri:4, instance:nykaa.Sign_inTest@77f80c04]" started-at="2023-07-24T16:22:01 IST" name="verify_Google_Button" finished-at="2023-07-24T16:22:01 IST" duration-ms="225" status="PASS">
          <reporter-output>
          </reporter-output>
        </test-method> <!-- verify_Google_Button -->
        <test-method signature="verify_Signin_with_google_email_Button()[pri:5, instance:nykaa.Sign_inTest@77f80c04]" started-at="2023-07-24T16:22:01 IST" name="verify_Signin_with_google_email_Button" finished-at="2023-07-24T16:22:02 IST" duration-ms="1069" status="PASS">
          <reporter-output>
          </reporter-output>
        </test-method> <!-- verify_Signin_with_google_email_Button -->
        <test-method signature="verify_Common_Header()[pri:6, instance:nykaa.Sign_inTest@77f80c04]" started-at="2023-07-24T16:22:02 IST" name="verify_Common_Header" finished-at="2023-07-24T16:22:11 IST" duration-ms="8303" status="PASS">
          <reporter-output>
          </reporter-output>
        </test-method> <!-- verify_Common_Header -->
        <test-method signature="verify_mobile_Number_Input_Field()[pri:7, instance:nykaa.Sign_inTest@77f80c04]" started-at="2023-07-24T16:22:11 IST" name="verify_mobile_Number_Input_Field" finished-at="2023-07-24T16:22:12 IST" duration-ms="1217" status="PASS">
          <reporter-output>
          </reporter-output>
        </test-method> <!-- verify_mobile_Number_Input_Field -->
        <test-method signature="verify_Proceed_Button()[pri:8, instance:nykaa.Sign_inTest@77f80c04]" started-at="2023-07-24T16:22:12 IST" name="verify_Proceed_Button" finished-at="2023-07-24T16:22:12 IST" duration-ms="226" status="PASS">
          <reporter-output>
          </reporter-output>
        </test-method> <!-- verify_Proceed_Button -->
      </class> <!-- nykaa.Sign_inTest -->
    </test> <!-- Command line test -->
  </suite> <!-- nykaa.Sign_inTest -->
</testng-results>
