<?xml version="1.0" encoding="UTF-8"?>
<testng-results ignored="0" total="8" passed="8" failed="0" skipped="0">
  <reporter-output>
  </reporter-output>
  <suite started-at="2023-07-24T16:15:44 IST" name="Suite" finished-at="2023-07-24T16:16:00 IST" duration-ms="15169">
    <groups>
    </groups>
    <test started-at="2023-07-24T16:15:44 IST" name="Sign in" finished-at="2023-07-24T16:16:00 IST" duration-ms="15169">
      <class name="nykaa.Sign_inTest">
        <test-method is-config="true" signature="launchApplication()[pri:0, instance:nykaa.Sign_inTest@6986bbaf]" started-at="2023-07-24T16:15:44 IST" name="launchApplication" finished-at="2023-07-24T16:15:51 IST" duration-ms="6194" status="PASS">
          <reporter-output>
          </reporter-output>
        </test-method> <!-- launchApplication -->
        <test-method signature="verify_Signin_Button()[pri:1, instance:nykaa.Sign_inTest@6986bbaf]" started-at="2023-07-24T16:15:51 IST" name="verify_Signin_Button" finished-at="2023-07-24T16:15:51 IST" duration-ms="365" status="PASS">
          <reporter-output>
          </reporter-output>
        </test-method> <!-- verify_Signin_Button -->
        <test-method signature="verify_Login_Create_Account_Text()[pri:2, instance:nykaa.Sign_inTest@6986bbaf]" started-at="2023-07-24T16:15:51 IST" name="verify_Login_Create_Account_Text" finished-at="2023-07-24T16:15:51 IST" duration-ms="307" status="PASS">
          <reporter-output>
          </reporter-output>
        </test-method> <!-- verify_Login_Create_Account_Text -->
        <test-method signature="verify_Register_Now_Text()[pri:3, instance:nykaa.Sign_inTest@6986bbaf]" started-at="2023-07-24T16:15:51 IST" name="verify_Register_Now_Text" finished-at="2023-07-24T16:15:51 IST" duration-ms="108" status="PASS">
          <reporter-output>
          </reporter-output>
        </test-method> <!-- verify_Register_Now_Text -->
        <test-method signature="verify_Google_Button()[pri:4, instance:nykaa.Sign_inTest@6986bbaf]" started-at="2023-07-24T16:15:51 IST" name="verify_Google_Button" finished-at="2023-07-24T16:15:52 IST" duration-ms="1042" status="PASS">
          <reporter-output>
          </reporter-output>
        </test-method> <!-- verify_Google_Button -->
        <test-method signature="verify_Signin_with_google_email_Button()[pri:5, instance:nykaa.Sign_inTest@6986bbaf]" started-at="2023-07-24T16:15:52 IST" name="verify_Signin_with_google_email_Button" finished-at="2023-07-24T16:15:53 IST" duration-ms="311" status="PASS">
          <reporter-output>
          </reporter-output>
        </test-method> <!-- verify_Signin_with_google_email_Button -->
        <test-method signature="verify_Common_Header()[pri:6, instance:nykaa.Sign_inTest@6986bbaf]" started-at="2023-07-24T16:15:53 IST" name="verify_Common_Header" finished-at="2023-07-24T16:15:58 IST" duration-ms="5413" status="PASS">
          <reporter-output>
          </reporter-output>
        </test-method> <!-- verify_Common_Header -->
        <test-method signature="verify_mobile_Number_Input_Field()[pri:7, instance:nykaa.Sign_inTest@6986bbaf]" started-at="2023-07-24T16:15:58 IST" name="verify_mobile_Number_Input_Field" finished-at="2023-07-24T16:15:59 IST" duration-ms="1060" status="PASS">
          <reporter-output>
          </reporter-output>
        </test-method> <!-- verify_mobile_Number_Input_Field -->
        <test-method signature="verify_Proceed_Button()[pri:8, instance:nykaa.Sign_inTest@6986bbaf]" started-at="2023-07-24T16:15:59 IST" name="verify_Proceed_Button" finished-at="2023-07-24T16:16:00 IST" duration-ms="242" status="PASS">
          <reporter-output>
          </reporter-output>
        </test-method> <!-- verify_Proceed_Button -->
      </class> <!-- nykaa.Sign_inTest -->
    </test> <!-- Sign in -->
  </suite> <!-- Suite -->
</testng-results>
